Using pre-set license
Built from '2020.3/release' branch; Version is '2020.3.12f1 (b3b2c6512326) revision 11776710'; Using compiler version '192528614'; Build Type 'Release'
OS: 'Windows 10 Home Single Language; OS build 19042.985; Version 2009; 64bit' Language: 'ru' Physical Memory: 16304 MB
BatchMode: 1, IsHumanControllingUs: 0, StartBugReporterOnCrash: 0, Is64bit: 1, IsPro: 0

 COMMAND LINE ARGUMENTS:
C:\Program Files\Unity\Hub\Editor\2020.3.12f1\Editor\Unity.exe
-adb2
-batchMode
-noUpm
-name
AssetImportWorker0
-projectPath
C:/Architecture C#/Pattrns
-logFile
Logs/AssetImportWorker0.log
-srvPort
58800
Successfully changed project path to: C:/Architecture C#/Pattrns
C:/Architecture C#/Pattrns
Using Asset Import Pipeline V2.
Refreshing native plugins compatible for Editor in 23.84 ms, found 2 plugins.
Preloading 0 native plugins for Editor in 0.00 ms.
Initialize engine version: 2020.3.12f1 (b3b2c6512326)
[Subsystems] Discovering subsystems at path C:/Program Files/Unity/Hub/Editor/2020.3.12f1/Editor/Data/Resources/UnitySubsystems
[Subsystems] Discovering subsystems at path C:/Architecture C#/Pattrns/Assets
GfxDevice: creating device client; threaded=0
Direct3D:
    Version:  Direct3D 11.0 [level 11.1]
    Renderer: NVIDIA GeForce GTX 970 (ID=0x13c2)
    Vendor:   
    VRAM:     4043 MB
    Driver:   27.21.14.6109
Initialize mono
Mono path[0] = 'C:/Program Files/Unity/Hub/Editor/2020.3.12f1/Editor/Data/Managed'
Mono path[1] = 'C:/Program Files/Unity/Hub/Editor/2020.3.12f1/Editor/Data/MonoBleedingEdge/lib/mono/unityjit'
Mono config path = 'C:/Program Files/Unity/Hub/Editor/2020.3.12f1/Editor/Data/MonoBleedingEdge/etc'
Using monoOptions --debugger-agent=transport=dt_socket,embedding=1,server=y,suspend=n,address=127.0.0.1:56452
Begin MonoManager ReloadAssembly
Registering precompiled unity dll's ...
Register platform support module: C:/Program Files/Unity/Hub/Editor/2020.3.12f1/Editor/Data/PlaybackEngines/WindowsStandaloneSupport/UnityEditor.WindowsStandalone.Extensions.dll
Registered in 0.001460 seconds.
Native extension for WindowsStandalone target not found
Refreshing native plugins compatible for Editor in 23.60 ms, found 2 plugins.
Preloading 0 native plugins for Editor in 0.00 ms.
Mono: successfully reloaded assembly
- Completed reload, in  0.793 seconds
Platform modules already initialized, skipping
Registering precompiled user dll's ...
Registered in 0.002720 seconds.
Begin MonoManager ReloadAssembly
Native extension for WindowsStandalone target not found
Refreshing native plugins compatible for Editor in 0.26 ms, found 2 plugins.
Preloading 0 native plugins for Editor in 0.00 ms.
Mono: successfully reloaded assembly
- Completed reload, in  0.788 seconds
Platform modules already initialized, skipping
========================================================================
Worker process is ready to serve import requests
Launched and connected shader compiler UnityShaderCompiler.exe after 0.03 seconds
Refreshing native plugins compatible for Editor in 0.30 ms, found 2 plugins.
Preloading 0 native plugins for Editor in 0.00 ms.
Unloading 1464 Unused Serialized files (Serialized files now loaded: 0)
System memory in use before: 67.8 MB.
System memory in use after: 67.9 MB.

Unloading 18 unused Assets to reduce memory usage. Loaded Objects now: 1899.
Total: 1.709200 ms (FindLiveObjects: 0.169800 ms CreateObjectMapping: 0.048500 ms MarkObjects: 1.411800 ms  DeleteObjects: 0.078400 ms)

AssetImportParameters requested are different than current active one (requested -> active):
  custom:framework-win-MediaFoundation: 216162199b28c13a410421893ffa2e32 -> 
  custom:video-decoder-ogg-theora: a1e56fd34408186e4bbccfd4996cb3dc -> 
  custom:container-muxer-webm: aa71ff27fc2769a1b78a27578f13a17b -> 
  custom:container-demuxer-webm: 4f35f7cbe854078d1ac9338744f61a02 -> 
  custom:container-demuxer-ogg: 62fdf1f143b41e24485cea50d1cbac27 -> 
  custom:video-encoder-webm-vp8: eb34c28f22e8b96e1ab97ce403110664 -> 
  custom:video-decoder-webm-vp8: 9c59270c3fd7afecdb556c50c9e8de78 -> 
  custom:audio-decoder-ogg-vorbis: bf7c407c2cedff20999df2af8eb42d56 -> 
  custom:audio-encoder-webm-vorbis: bf7c407c2cedff20999df2af8eb42d56 -> 
========================================================================
Received Import Request.
  path: Assets/Prefabs/Player.prefab
  artifactKey: Guid(ac639da7ab2bbc34e8240dfa2b99dd17) Importer(815301076,1909f56bfc062723c751e8b465ee728b)
Start importing Assets/Prefabs/Player.prefab using Guid(ac639da7ab2bbc34e8240dfa2b99dd17) Importer(815301076,1909f56bfc062723c751e8b465ee728b)  -> (artifact id: '7acca6a628d89f957c875e4b5e293421') in 0.092761 seconds 
  Import took 0.094865 seconds .

========================================================================
Received Import Request.
  Time since last request: 0.000164 seconds.
  path: Assets/Resources/Enemy
  artifactKey: Guid(d9324aef4b919d34aa5d0c470f95d2a9) Importer(815301076,1909f56bfc062723c751e8b465ee728b)
Start importing Assets/Resources/Enemy using Guid(d9324aef4b919d34aa5d0c470f95d2a9) Importer(815301076,1909f56bfc062723c751e8b465ee728b)  -> (artifact id: '7aa27815f95bb9007fc7b4693f9e9711') in 0.005491 seconds 
  Import took 0.007616 seconds .

========================================================================
Received Import Request.
  Time since last request: 0.000153 seconds.
  path: Assets/Resources/Enemy/Goblin.prefab
  artifactKey: Guid(f97da247ac3ef6d459999d93895a32c9) Importer(815301076,1909f56bfc062723c751e8b465ee728b)
Start importing Assets/Resources/Enemy/Goblin.prefab using Guid(f97da247ac3ef6d459999d93895a32c9) Importer(815301076,1909f56bfc062723c751e8b465ee728b)  -> (artifact id: '99e6766de3517b06495fe4172937dfa5') in 0.009873 seconds 
  Import took 0.012012 seconds .

========================================================================
Received Import Request.
  Time since last request: 0.000127 seconds.
  path: Assets/Resources/Enemy/Asteroid.prefab
  artifactKey: Guid(4fba7bee21fe435488658f7b33da507f) Importer(815301076,1909f56bfc062723c751e8b465ee728b)
Start importing Assets/Resources/Enemy/Asteroid.prefab using Guid(4fba7bee21fe435488658f7b33da507f) Importer(815301076,1909f56bfc062723c751e8b465ee728b)  -> (artifact id: '5d9c4cea036f167c5fd8ca77696878a7') in 0.011569 seconds 
  Import took 0.013618 seconds .

========================================================================
Received Import Request.
  Time since last request: 0.000139 seconds.
  path: Assets/Prefabs/Bullet.prefab
  artifactKey: Guid(a745dd606b94f0e4ea1288097c3c31e1) Importer(815301076,1909f56bfc062723c751e8b465ee728b)
Start importing Assets/Prefabs/Bullet.prefab using Guid(a745dd606b94f0e4ea1288097c3c31e1) Importer(815301076,1909f56bfc062723c751e8b465ee728b)  -> (artifact id: '4642cf92c0f450233aa3635ff9dc4dd8') in 0.012414 seconds 
  Import took 0.014519 seconds .

========================================================================
Received Import Request.
  Time since last request: 0.000137 seconds.
  path: Assets/Prefabs
  artifactKey: Guid(283e4fcb180c64445aa7d72dcdff41a4) Importer(815301076,1909f56bfc062723c751e8b465ee728b)
Start importing Assets/Prefabs using Guid(283e4fcb180c64445aa7d72dcdff41a4) Importer(815301076,1909f56bfc062723c751e8b465ee728b)  -> (artifact id: '2cb9cbdbb840beac6c5559be3e9f7f15') in 0.006684 seconds 
  Import took 0.008632 seconds .

========================================================================
Received Import Request.
  Time since last request: 0.000142 seconds.
  path: Assets/Resources
  artifactKey: Guid(c48e2dc6ce8f463999e700628000c167) Importer(815301076,1909f56bfc062723c751e8b465ee728b)
Start importing Assets/Resources using Guid(c48e2dc6ce8f463999e700628000c167) Importer(815301076,1909f56bfc062723c751e8b465ee728b)  -> (artifact id: '028cfa352af47db6fd4cdfa9d7fca9cd') in 0.005112 seconds 
  Import took 0.007080 seconds .

========================================================================
Received Import Request.
  Time since last request: 8.128258 seconds.
  path: Assets/Scripts
  artifactKey: Guid(1e8d3131ac89b0842b0fe7ab025701bc) Importer(815301076,1909f56bfc062723c751e8b465ee728b)
Start importing Assets/Scripts using Guid(1e8d3131ac89b0842b0fe7ab025701bc) Importer(815301076,1909f56bfc062723c751e8b465ee728b)  -> (artifact id: '801eeb51caeff4c496c5671c6355c435') in 0.006081 seconds 
  Import took 0.008453 seconds .

========================================================================
Received Import Request.
  Time since last request: 11.095832 seconds.
  path: Assets/Scripts/Fluent Builder
  artifactKey: Guid(4e60439dddbe4a958c45702afe2af0d1) Importer(815301076,1909f56bfc062723c751e8b465ee728b)
Start importing Assets/Scripts/Fluent Builder using Guid(4e60439dddbe4a958c45702afe2af0d1) Importer(815301076,1909f56bfc062723c751e8b465ee728b)  -> (artifact id: 'fccd3480db58c2d79504ab316a112214') in 0.005728 seconds 
  Import took 0.007796 seconds .

========================================================================
Received Import Request.
  Time since last request: 0.002504 seconds.
  path: Assets/Scripts/Fluent Builder
  artifactKey: Guid(4e60439dddbe4a958c45702afe2af0d1) Importer(815301076,1909f56bfc062723c751e8b465ee728b)
Start importing Assets/Scripts/Fluent Builder using Guid(4e60439dddbe4a958c45702afe2af0d1) Importer(815301076,1909f56bfc062723c751e8b465ee728b)  -> (artifact id: 'fccd3480db58c2d79504ab316a112214') in 0.001662 seconds 
  Import took 0.003879 seconds .

========================================================================
Received Prepare
Registering precompiled user dll's ...
Registered in 0.002721 seconds.
Begin MonoManager ReloadAssembly
Native extension for WindowsStandalone target not found
Refreshing native plugins compatible for Editor in 0.27 ms, found 2 plugins.
Preloading 0 native plugins for Editor in 0.00 ms.
Mono: successfully reloaded assembly
- Completed reload, in  0.754 seconds
Platform modules already initialized, skipping
Refreshing native plugins compatible for Editor in 0.29 ms, found 2 plugins.
Preloading 0 native plugins for Editor in 0.00 ms.
Unloading 1448 Unused Serialized files (Serialized files now loaded: 0)
System memory in use before: 69.9 MB.
System memory in use after: 70.0 MB.

Unloading 13 unused Assets to reduce memory usage. Loaded Objects now: 1909.
Total: 1.474100 ms (FindLiveObjects: 0.139600 ms CreateObjectMapping: 0.044100 ms MarkObjects: 1.277600 ms  DeleteObjects: 0.012000 ms)

AssetImportParameters requested are different than current active one (requested -> active):
  custom:framework-win-MediaFoundation: 216162199b28c13a410421893ffa2e32 -> 
  custom:video-decoder-ogg-theora: a1e56fd34408186e4bbccfd4996cb3dc -> 
  custom:container-muxer-webm: aa71ff27fc2769a1b78a27578f13a17b -> 
  custom:container-demuxer-webm: 4f35f7cbe854078d1ac9338744f61a02 -> 
  custom:container-demuxer-ogg: 62fdf1f143b41e24485cea50d1cbac27 -> 
  custom:video-encoder-webm-vp8: eb34c28f22e8b96e1ab97ce403110664 -> 
  custom:video-decoder-webm-vp8: 9c59270c3fd7afecdb556c50c9e8de78 -> 
  custom:audio-decoder-ogg-vorbis: bf7c407c2cedff20999df2af8eb42d56 -> 
  custom:audio-encoder-webm-vorbis: bf7c407c2cedff20999df2af8eb42d56 -> 
========================================================================
Received Prepare
Registering precompiled user dll's ...
Registered in 0.002989 seconds.
Begin MonoManager ReloadAssembly
Native extension for WindowsStandalone target not found
Refreshing native plugins compatible for Editor in 0.27 ms, found 2 plugins.
Preloading 0 native plugins for Editor in 0.00 ms.
Mono: successfully reloaded assembly
- Completed reload, in  0.756 seconds
Platform modules already initialized, skipping
Refreshing native plugins compatible for Editor in 0.29 ms, found 2 plugins.
Preloading 0 native plugins for Editor in 0.00 ms.
Unloading 1448 Unused Serialized files (Serialized files now loaded: 0)
System memory in use before: 69.9 MB.
System memory in use after: 70.0 MB.

Unloading 13 unused Assets to reduce memory usage. Loaded Objects now: 1912.
Total: 1.544800 ms (FindLiveObjects: 0.142500 ms CreateObjectMapping: 0.041300 ms MarkObjects: 1.347200 ms  DeleteObjects: 0.013000 ms)

AssetImportParameters requested are different than current active one (requested -> active):
  custom:framework-win-MediaFoundation: 216162199b28c13a410421893ffa2e32 -> 
  custom:video-decoder-ogg-theora: a1e56fd34408186e4bbccfd4996cb3dc -> 
  custom:container-muxer-webm: aa71ff27fc2769a1b78a27578f13a17b -> 
  custom:container-demuxer-webm: 4f35f7cbe854078d1ac9338744f61a02 -> 
  custom:container-demuxer-ogg: 62fdf1f143b41e24485cea50d1cbac27 -> 
  custom:video-encoder-webm-vp8: eb34c28f22e8b96e1ab97ce403110664 -> 
  custom:video-decoder-webm-vp8: 9c59270c3fd7afecdb556c50c9e8de78 -> 
  custom:audio-decoder-ogg-vorbis: bf7c407c2cedff20999df2af8eb42d56 -> 
  custom:audio-encoder-webm-vorbis: bf7c407c2cedff20999df2af8eb42d56 -> 
========================================================================
Received Import Request.
  Time since last request: 1335.749149 seconds.
  path: Assets/Scripts/GameStarter.cs
  artifactKey: Guid(8733cd78a3e143d08b3ca5681d960957) Importer(815301076,1909f56bfc062723c751e8b465ee728b)
Start importing Assets/Scripts/GameStarter.cs using Guid(8733cd78a3e143d08b3ca5681d960957) Importer(815301076,1909f56bfc062723c751e8b465ee728b)  -> (artifact id: 'dde3cf3f0544605249bff625089a1ecb') in 0.012225 seconds 
  Import took 0.015046 seconds .

========================================================================
Received Import Request.
  Time since last request: 0.015797 seconds.
  path: Assets/Scripts/GameStarter.cs
  artifactKey: Guid(8733cd78a3e143d08b3ca5681d960957) Importer(815301076,1909f56bfc062723c751e8b465ee728b)
Start importing Assets/Scripts/GameStarter.cs using Guid(8733cd78a3e143d08b3ca5681d960957) Importer(815301076,1909f56bfc062723c751e8b465ee728b)  -> (artifact id: 'dde3cf3f0544605249bff625089a1ecb') in 0.002235 seconds 
  Import took 0.004506 seconds .

========================================================================
Received Prepare
Registering precompiled user dll's ...
Registered in 0.003019 seconds.
Begin MonoManager ReloadAssembly
Native extension for WindowsStandalone target not found
Refreshing native plugins compatible for Editor in 0.27 ms, found 2 plugins.
Preloading 0 native plugins for Editor in 0.00 ms.
Mono: successfully reloaded assembly
- Completed reload, in  0.756 seconds
Platform modules already initialized, skipping
Refreshing native plugins compatible for Editor in 0.26 ms, found 2 plugins.
Preloading 0 native plugins for Editor in 0.00 ms.
Unloading 1448 Unused Serialized files (Serialized files now loaded: 0)
System memory in use before: 69.9 MB.
System memory in use after: 70.0 MB.

Unloading 13 unused Assets to reduce memory usage. Loaded Objects now: 1915.
Total: 1.460300 ms (FindLiveObjects: 0.135100 ms CreateObjectMapping: 0.043300 ms MarkObjects: 1.254300 ms  DeleteObjects: 0.027000 ms)

AssetImportParameters requested are different than current active one (requested -> active):
  custom:framework-win-MediaFoundation: 216162199b28c13a410421893ffa2e32 -> 
  custom:video-decoder-ogg-theora: a1e56fd34408186e4bbccfd4996cb3dc -> 
  custom:container-muxer-webm: aa71ff27fc2769a1b78a27578f13a17b -> 
  custom:container-demuxer-webm: 4f35f7cbe854078d1ac9338744f61a02 -> 
  custom:container-demuxer-ogg: 62fdf1f143b41e24485cea50d1cbac27 -> 
  custom:video-encoder-webm-vp8: eb34c28f22e8b96e1ab97ce403110664 -> 
  custom:video-decoder-webm-vp8: 9c59270c3fd7afecdb556c50c9e8de78 -> 
  custom:audio-decoder-ogg-vorbis: bf7c407c2cedff20999df2af8eb42d56 -> 
  custom:audio-encoder-webm-vorbis: bf7c407c2cedff20999df2af8eb42d56 -> 
========================================================================
Received Prepare
Registering precompiled user dll's ...
Registered in 0.002953 seconds.
Begin MonoManager ReloadAssembly
Native extension for WindowsStandalone target not found
Refreshing native plugins compatible for Editor in 0.27 ms, found 2 plugins.
Preloading 0 native plugins for Editor in 0.00 ms.
Mono: successfully reloaded assembly
- Completed reload, in  0.752 seconds
Platform modules already initialized, skipping
Refreshing native plugins compatible for Editor in 0.28 ms, found 2 plugins.
Preloading 0 native plugins for Editor in 0.00 ms.
Unloading 1448 Unused Serialized files (Serialized files now loaded: 0)
System memory in use before: 69.9 MB.
System memory in use after: 70.0 MB.

Unloading 13 unused Assets to reduce memory usage. Loaded Objects now: 1918.
Total: 1.695100 ms (FindLiveObjects: 0.149000 ms CreateObjectMapping: 0.045000 ms MarkObjects: 1.474600 ms  DeleteObjects: 0.025700 ms)

AssetImportParameters requested are different than current active one (requested -> active):
  custom:framework-win-MediaFoundation: 216162199b28c13a410421893ffa2e32 -> 
  custom:video-decoder-ogg-theora: a1e56fd34408186e4bbccfd4996cb3dc -> 
  custom:container-muxer-webm: aa71ff27fc2769a1b78a27578f13a17b -> 
  custom:container-demuxer-webm: 4f35f7cbe854078d1ac9338744f61a02 -> 
  custom:container-demuxer-ogg: 62fdf1f143b41e24485cea50d1cbac27 -> 
  custom:video-encoder-webm-vp8: eb34c28f22e8b96e1ab97ce403110664 -> 
  custom:video-decoder-webm-vp8: 9c59270c3fd7afecdb556c50c9e8de78 -> 
  custom:audio-decoder-ogg-vorbis: bf7c407c2cedff20999df2af8eb42d56 -> 
  custom:audio-encoder-webm-vorbis: bf7c407c2cedff20999df2af8eb42d56 -> 
========================================================================
Received Prepare
Registering precompiled user dll's ...
Registered in 0.003138 seconds.
Begin MonoManager ReloadAssembly
Native extension for WindowsStandalone target not found
Refreshing native plugins compatible for Editor in 0.28 ms, found 2 plugins.
Preloading 0 native plugins for Editor in 0.00 ms.
Mono: successfully reloaded assembly
- Completed reload, in  0.803 seconds
Platform modules already initialized, skipping
Refreshing native plugins compatible for Editor in 0.30 ms, found 2 plugins.
Preloading 0 native plugins for Editor in 0.00 ms.
Unloading 1448 Unused Serialized files (Serialized files now loaded: 0)
System memory in use before: 69.9 MB.
System memory in use after: 70.0 MB.

Unloading 13 unused Assets to reduce memory usage. Loaded Objects now: 1921.
Total: 1.445500 ms (FindLiveObjects: 0.137800 ms CreateObjectMapping: 0.041400 ms MarkObjects: 1.254400 ms  DeleteObjects: 0.011000 ms)

AssetImportParameters requested are different than current active one (requested -> active):
  custom:framework-win-MediaFoundation: 216162199b28c13a410421893ffa2e32 -> 
  custom:video-decoder-ogg-theora: a1e56fd34408186e4bbccfd4996cb3dc -> 
  custom:container-muxer-webm: aa71ff27fc2769a1b78a27578f13a17b -> 
  custom:container-demuxer-webm: 4f35f7cbe854078d1ac9338744f61a02 -> 
  custom:container-demuxer-ogg: 62fdf1f143b41e24485cea50d1cbac27 -> 
  custom:video-encoder-webm-vp8: eb34c28f22e8b96e1ab97ce403110664 -> 
  custom:video-decoder-webm-vp8: 9c59270c3fd7afecdb556c50c9e8de78 -> 
  custom:audio-decoder-ogg-vorbis: bf7c407c2cedff20999df2af8eb42d56 -> 
  custom:audio-encoder-webm-vorbis: bf7c407c2cedff20999df2af8eb42d56 -> 
========================================================================
Received Import Request.
  Time since last request: 446.349753 seconds.
  path: Assets/Scripts/Object Pool
  artifactKey: Guid(e73287df78ce4bd58e143fd7c0582963) Importer(815301076,1909f56bfc062723c751e8b465ee728b)
Start importing Assets/Scripts/Object Pool using Guid(e73287df78ce4bd58e143fd7c0582963) Importer(815301076,1909f56bfc062723c751e8b465ee728b)  -> (artifact id: '8b050bc869742fa45f4ac1f14fce90b4') in 0.010325 seconds 
  Import took 0.013355 seconds .

========================================================================
Received Import Request.
  Time since last request: 1.729123 seconds.
  path: Assets/Scripts/Object Pool/EnemyPool.cs
  artifactKey: Guid(459f230188aa49caaac71a3ff9210bed) Importer(815301076,1909f56bfc062723c751e8b465ee728b)
Start importing Assets/Scripts/Object Pool/EnemyPool.cs using Guid(459f230188aa49caaac71a3ff9210bed) Importer(815301076,1909f56bfc062723c751e8b465ee728b)  -> (artifact id: '7f0f02a1a06d18bbc558851cbb2ac517') in 0.005141 seconds 
  Import took 0.007227 seconds .

========================================================================
Received Import Request.
  Time since last request: 110.937393 seconds.
  path: Assets/Scripts/Object Pool/NameManager.cs
  artifactKey: Guid(63b940aba206421590396ee1c5e8da39) Importer(815301076,1909f56bfc062723c751e8b465ee728b)
Start importing Assets/Scripts/Object Pool/NameManager.cs using Guid(63b940aba206421590396ee1c5e8da39) Importer(815301076,1909f56bfc062723c751e8b465ee728b)  -> (artifact id: '18759e31b2fbc94c6799696e440e70c9') in 0.006617 seconds 
  Import took 0.008828 seconds .

========================================================================
Received Import Request.
  Time since last request: 10.528898 seconds.
  path: Assets/Scripts/Asteroid.cs
  artifactKey: Guid(f4dce327ce0344f0ac0ef34370070206) Importer(815301076,1909f56bfc062723c751e8b465ee728b)
Start importing Assets/Scripts/Asteroid.cs using Guid(f4dce327ce0344f0ac0ef34370070206) Importer(815301076,1909f56bfc062723c751e8b465ee728b)  -> (artifact id: 'a356d5272e74f1aeeb5e4299aa9c84e8') in 0.001809 seconds 
  Import took 0.004097 seconds .

========================================================================
Received Import Request.
  Time since last request: 6.669956 seconds.
  path: Assets/Scripts/AsteroidFactory.cs
  artifactKey: Guid(95ad2ca92ff7416a8e6b55608cf85a76) Importer(815301076,1909f56bfc062723c751e8b465ee728b)
Start importing Assets/Scripts/AsteroidFactory.cs using Guid(95ad2ca92ff7416a8e6b55608cf85a76) Importer(815301076,1909f56bfc062723c751e8b465ee728b)  -> (artifact id: 'c1122947da07bce6f29a73b0484e4a37') in 0.006433 seconds 
  Import took 0.009242 seconds .

========================================================================
Received Import Request.
  Time since last request: 0.000893 seconds.
  path: Assets/Scripts/AsteroidFactory.cs
  artifactKey: Guid(95ad2ca92ff7416a8e6b55608cf85a76) Importer(815301076,1909f56bfc062723c751e8b465ee728b)
Start importing Assets/Scripts/AsteroidFactory.cs using Guid(95ad2ca92ff7416a8e6b55608cf85a76) Importer(815301076,1909f56bfc062723c751e8b465ee728b)  -> (artifact id: 'c1122947da07bce6f29a73b0484e4a37') in 0.002134 seconds 
  Import took 0.004863 seconds .

========================================================================
Received Import Request.
  Time since last request: 12.179812 seconds.
  path: Assets/Scripts/Damage.cs
  artifactKey: Guid(a0e7f401083790e48b2a7ae220d59a36) Importer(815301076,1909f56bfc062723c751e8b465ee728b)
Start importing Assets/Scripts/Damage.cs using Guid(a0e7f401083790e48b2a7ae220d59a36) Importer(815301076,1909f56bfc062723c751e8b465ee728b)  -> (artifact id: '74a7d16db521c6a8cfaa0cb7b19ff170') in 0.008172 seconds 
  Import took 0.010891 seconds .

========================================================================
Received Import Request.
  Time since last request: 0.000633 seconds.
  path: Assets/Scripts/Damage.cs
  artifactKey: Guid(a0e7f401083790e48b2a7ae220d59a36) Importer(815301076,1909f56bfc062723c751e8b465ee728b)
Start importing Assets/Scripts/Damage.cs using Guid(a0e7f401083790e48b2a7ae220d59a36) Importer(815301076,1909f56bfc062723c751e8b465ee728b)  -> (artifact id: '74a7d16db521c6a8cfaa0cb7b19ff170') in 0.001969 seconds 
  Import took 0.004358 seconds .

========================================================================
Received Import Request.
  Time since last request: 93.402832 seconds.
  path: Assets/Scripts/Enemy.cs
  artifactKey: Guid(0db02b9c43a64ccab6b9b7184196d648) Importer(815301076,1909f56bfc062723c751e8b465ee728b)
Start importing Assets/Scripts/Enemy.cs using Guid(0db02b9c43a64ccab6b9b7184196d648) Importer(815301076,1909f56bfc062723c751e8b465ee728b)  -> (artifact id: 'a7d64470fa5e5f8d6b46bfad96ac4227') in 0.002004 seconds 
  Import took 0.004190 seconds .

========================================================================
Received Import Request.
  Time since last request: 0.000726 seconds.
  path: Assets/Scripts/Enemy.cs
  artifactKey: Guid(0db02b9c43a64ccab6b9b7184196d648) Importer(815301076,1909f56bfc062723c751e8b465ee728b)
Start importing Assets/Scripts/Enemy.cs using Guid(0db02b9c43a64ccab6b9b7184196d648) Importer(815301076,1909f56bfc062723c751e8b465ee728b)  -> (artifact id: 'a7d64470fa5e5f8d6b46bfad96ac4227') in 0.002020 seconds 
  Import took 0.004113 seconds .

========================================================================
Received Import Request.
  Time since last request: 65.916401 seconds.
  path: Assets/Scripts/GameStarter.cs
  artifactKey: Guid(8733cd78a3e143d08b3ca5681d960957) Importer(815301076,1909f56bfc062723c751e8b465ee728b)
Start importing Assets/Scripts/GameStarter.cs using Guid(8733cd78a3e143d08b3ca5681d960957) Importer(815301076,1909f56bfc062723c751e8b465ee728b)  -> (artifact id: '3670c6b84cf8bbb78b22649ba81f2238') in 0.003042 seconds 
  Import took 0.005777 seconds .

========================================================================
Received Import Request.
  Time since last request: 15.550657 seconds.
  path: Assets/Scripts/IEnemyFactory.cs
  artifactKey: Guid(0a8d84bd18aa43c2a24f307646970811) Importer(815301076,1909f56bfc062723c751e8b465ee728b)
Start importing Assets/Scripts/IEnemyFactory.cs using Guid(0a8d84bd18aa43c2a24f307646970811) Importer(815301076,1909f56bfc062723c751e8b465ee728b)  -> (artifact id: 'ab293ba91ab586cb0cfd4dcb4b95de9b') in 0.008065 seconds 
  Import took 0.010916 seconds .

========================================================================
Received Import Request.
  Time since last request: 0.001174 seconds.
  path: Assets/Scripts/IEnemyFactory.cs
  artifactKey: Guid(0a8d84bd18aa43c2a24f307646970811) Importer(815301076,1909f56bfc062723c751e8b465ee728b)
Start importing Assets/Scripts/IEnemyFactory.cs using Guid(0a8d84bd18aa43c2a24f307646970811) Importer(815301076,1909f56bfc062723c751e8b465ee728b)  -> (artifact id: 'ab293ba91ab586cb0cfd4dcb4b95de9b') in 0.002226 seconds 
  Import took 0.005258 seconds .

========================================================================
Received Import Request.
  Time since last request: 7.795630 seconds.
  path: Assets/Scripts/IMove.cs
  artifactKey: Guid(6bec3388ff144999bbd2a7cc28df9a7c) Importer(815301076,1909f56bfc062723c751e8b465ee728b)
Start importing Assets/Scripts/IMove.cs using Guid(6bec3388ff144999bbd2a7cc28df9a7c) Importer(815301076,1909f56bfc062723c751e8b465ee728b)  -> (artifact id: '76e978280f1763ee3b868a3daeda70e3') in 0.006240 seconds 
  Import took 0.008722 seconds .

========================================================================
Received Import Request.
  Time since last request: 0.000581 seconds.
  path: Assets/Scripts/IMove.cs
  artifactKey: Guid(6bec3388ff144999bbd2a7cc28df9a7c) Importer(815301076,1909f56bfc062723c751e8b465ee728b)
Start importing Assets/Scripts/IMove.cs using Guid(6bec3388ff144999bbd2a7cc28df9a7c) Importer(815301076,1909f56bfc062723c751e8b465ee728b)  -> (artifact id: '76e978280f1763ee3b868a3daeda70e3') in 0.002579 seconds 
  Import took 0.004697 seconds .

========================================================================
Received Import Request.
  Time since last request: 5.713449 seconds.
  path: Assets/Scripts/MoveTransform.cs
  artifactKey: Guid(e5a7299b5e5b43c0a4a711266184f14b) Importer(815301076,1909f56bfc062723c751e8b465ee728b)
Start importing Assets/Scripts/MoveTransform.cs using Guid(e5a7299b5e5b43c0a4a711266184f14b) Importer(815301076,1909f56bfc062723c751e8b465ee728b)  -> (artifact id: '0f32b1e623e20e721052544a72b56c02') in 0.005773 seconds 
  Import took 0.008258 seconds .

========================================================================
Received Import Request.
  Time since last request: 0.000825 seconds.
  path: Assets/Scripts/MoveTransform.cs
  artifactKey: Guid(e5a7299b5e5b43c0a4a711266184f14b) Importer(815301076,1909f56bfc062723c751e8b465ee728b)
Start importing Assets/Scripts/MoveTransform.cs using Guid(e5a7299b5e5b43c0a4a711266184f14b) Importer(815301076,1909f56bfc062723c751e8b465ee728b)  -> (artifact id: '0f32b1e623e20e721052544a72b56c02') in 0.002403 seconds 
  Import took 0.004727 seconds .

========================================================================
Received Import Request.
  Time since last request: 13.514053 seconds.
  path: Assets/Scripts/Player.cs
  artifactKey: Guid(56df3c13fc6e8db4394da1e67b3cf010) Importer(815301076,1909f56bfc062723c751e8b465ee728b)
Start importing Assets/Scripts/Player.cs using Guid(56df3c13fc6e8db4394da1e67b3cf010) Importer(815301076,1909f56bfc062723c751e8b465ee728b)  -> (artifact id: '38dfeceb3e4c709184312dc482b7f5d1') in 0.005736 seconds 
  Import took 0.008137 seconds .

========================================================================
Received Import Request.
  Time since last request: 47.424332 seconds.
  path: Assets/Scripts/RotationShip.cs
  artifactKey: Guid(27260a2457444a64a9a603020bf00a6f) Importer(815301076,1909f56bfc062723c751e8b465ee728b)
Start importing Assets/Scripts/RotationShip.cs using Guid(27260a2457444a64a9a603020bf00a6f) Importer(815301076,1909f56bfc062723c751e8b465ee728b)  -> (artifact id: 'd9befb4191abc1993250217e41033139') in 0.007209 seconds 
  Import took 0.009975 seconds .

========================================================================
Received Import Request.
  Time since last request: 0.001362 seconds.
  path: Assets/Scripts/RotationShip.cs
  artifactKey: Guid(27260a2457444a64a9a603020bf00a6f) Importer(815301076,1909f56bfc062723c751e8b465ee728b)
Start importing Assets/Scripts/RotationShip.cs using Guid(27260a2457444a64a9a603020bf00a6f) Importer(815301076,1909f56bfc062723c751e8b465ee728b)  -> (artifact id: 'd9befb4191abc1993250217e41033139') in 0.002085 seconds 
  Import took 0.004349 seconds .

========================================================================
Received Import Request.
  Time since last request: 0.618847 seconds.
  path: Assets/Scripts/Ship.cs
  artifactKey: Guid(f6a13e5dc8ba470987ff8e6531ce82f4) Importer(815301076,1909f56bfc062723c751e8b465ee728b)
Start importing Assets/Scripts/Ship.cs using Guid(f6a13e5dc8ba470987ff8e6531ce82f4) Importer(815301076,1909f56bfc062723c751e8b465ee728b)  -> (artifact id: 'd4842f67a2e108e093d5d468916bad6f') in 0.006898 seconds 
  Import took 0.009375 seconds .

========================================================================
Received Import Request.
  Time since last request: 30.461057 seconds.
  path: Assets/Scripts/Test
  artifactKey: Guid(187af23af01d424bb0f2be765ec47ec9) Importer(815301076,1909f56bfc062723c751e8b465ee728b)
Start importing Assets/Scripts/Test using Guid(187af23af01d424bb0f2be765ec47ec9) Importer(815301076,1909f56bfc062723c751e8b465ee728b)  -> (artifact id: '00d70394300293ad81f7ddab985c365d') in 0.006557 seconds 
  Import took 0.009262 seconds .

========================================================================
Received Import Request.
  Time since last request: 2.052657 seconds.
  path: Assets/Scripts/Test/Ammunition.cs
  artifactKey: Guid(61f9fb18c74b44d6a6e3eae6b1bbdfd3) Importer(815301076,1909f56bfc062723c751e8b465ee728b)
Start importing Assets/Scripts/Test/Ammunition.cs using Guid(61f9fb18c74b44d6a6e3eae6b1bbdfd3) Importer(815301076,1909f56bfc062723c751e8b465ee728b)  -> (artifact id: '2d71b8d545e890851c673cb58771d092') in 0.005797 seconds 
  Import took 0.008039 seconds .

========================================================================
Received Import Request.
  Time since last request: 4.931637 seconds.
  path: Assets/Scripts/Test/Example.cs
  artifactKey: Guid(9a056b9677f34287965af569c60959a0) Importer(815301076,1909f56bfc062723c751e8b465ee728b)
Start importing Assets/Scripts/Test/Example.cs using Guid(9a056b9677f34287965af569c60959a0) Importer(815301076,1909f56bfc062723c751e8b465ee728b)  -> (artifact id: '1c17dc30e3fe5d1f3ed7cfc4537bab3c') in 0.006326 seconds 
  Import took 0.009137 seconds .

========================================================================
Received Import Request.
  Time since last request: 0.000880 seconds.
  path: Assets/Scripts/Test/Example.cs
  artifactKey: Guid(9a056b9677f34287965af569c60959a0) Importer(815301076,1909f56bfc062723c751e8b465ee728b)
Start importing Assets/Scripts/Test/Example.cs using Guid(9a056b9677f34287965af569c60959a0) Importer(815301076,1909f56bfc062723c751e8b465ee728b)  -> (artifact id: '1c17dc30e3fe5d1f3ed7cfc4537bab3c') in 0.001944 seconds 
  Import took 0.004484 seconds .

========================================================================
Received Import Request.
  Time since last request: 15.098072 seconds.
  path: Assets/Scripts/Test/Inventory.cs
  artifactKey: Guid(9f003ec7de4d4de98a41f59a5f4d34e2) Importer(815301076,1909f56bfc062723c751e8b465ee728b)
Start importing Assets/Scripts/Test/Inventory.cs using Guid(9f003ec7de4d4de98a41f59a5f4d34e2) Importer(815301076,1909f56bfc062723c751e8b465ee728b)  -> (artifact id: '655e2877e2ec977489d7e3e9b8747a06') in 0.006376 seconds 
  Import took 0.009462 seconds .

========================================================================
Received Import Request.
  Time since last request: 0.000669 seconds.
  path: Assets/Scripts/Test/Inventory.cs
  artifactKey: Guid(9f003ec7de4d4de98a41f59a5f4d34e2) Importer(815301076,1909f56bfc062723c751e8b465ee728b)
Start importing Assets/Scripts/Test/Inventory.cs using Guid(9f003ec7de4d4de98a41f59a5f4d34e2) Importer(815301076,1909f56bfc062723c751e8b465ee728b)  -> (artifact id: '655e2877e2ec977489d7e3e9b8747a06') in 0.002099 seconds 
  Import took 0.004739 seconds .

========================================================================
Received Import Request.
  Time since last request: 4.093841 seconds.
  path: Assets/Scripts/Test/Player.cs
  artifactKey: Guid(f150c4c0583448c48e3e1d7f91a86b22) Importer(815301076,1909f56bfc062723c751e8b465ee728b)
Start importing Assets/Scripts/Test/Player.cs using Guid(f150c4c0583448c48e3e1d7f91a86b22) Importer(815301076,1909f56bfc062723c751e8b465ee728b)  -> (artifact id: 'bbd9a454f787f44d1285f73c4a64f589') in 0.002192 seconds 
  Import took 0.004763 seconds .

========================================================================
Received Prepare
Registering precompiled user dll's ...
Registered in 0.003141 seconds.
Begin MonoManager ReloadAssembly
Native extension for WindowsStandalone target not found
Refreshing native plugins compatible for Editor in 0.27 ms, found 2 plugins.
Preloading 0 native plugins for Editor in 0.00 ms.
Mono: successfully reloaded assembly
- Completed reload, in  0.757 seconds
Platform modules already initialized, skipping
Refreshing native plugins compatible for Editor in 0.27 ms, found 2 plugins.
Preloading 0 native plugins for Editor in 0.00 ms.
Unloading 1448 Unused Serialized files (Serialized files now loaded: 0)
System memory in use before: 70.0 MB.
System memory in use after: 70.1 MB.

Unloading 13 unused Assets to reduce memory usage. Loaded Objects now: 1924.
Total: 1.499100 ms (FindLiveObjects: 0.135900 ms CreateObjectMapping: 0.042500 ms MarkObjects: 1.292300 ms  DeleteObjects: 0.027800 ms)

AssetImportParameters requested are different than current active one (requested -> active):
  custom:framework-win-MediaFoundation: 216162199b28c13a410421893ffa2e32 -> 
  custom:video-decoder-ogg-theora: a1e56fd34408186e4bbccfd4996cb3dc -> 
  custom:container-muxer-webm: aa71ff27fc2769a1b78a27578f13a17b -> 
  custom:container-demuxer-webm: 4f35f7cbe854078d1ac9338744f61a02 -> 
  custom:container-demuxer-ogg: 62fdf1f143b41e24485cea50d1cbac27 -> 
  custom:video-encoder-webm-vp8: eb34c28f22e8b96e1ab97ce403110664 -> 
  custom:video-decoder-webm-vp8: 9c59270c3fd7afecdb556c50c9e8de78 -> 
  custom:audio-decoder-ogg-vorbis: bf7c407c2cedff20999df2af8eb42d56 -> 
  custom:audio-encoder-webm-vorbis: bf7c407c2cedff20999df2af8eb42d56 -> 
========================================================================
Received Prepare
Registering precompiled user dll's ...
Registered in 0.003040 seconds.
Begin MonoManager ReloadAssembly
Native extension for WindowsStandalone target not found
Refreshing native plugins compatible for Editor in 0.27 ms, found 2 plugins.
Preloading 0 native plugins for Editor in 0.00 ms.
Mono: successfully reloaded assembly
- Completed reload, in  0.763 seconds
Platform modules already initialized, skipping
Refreshing native plugins compatible for Editor in 0.28 ms, found 2 plugins.
Preloading 0 native plugins for Editor in 0.00 ms.
Unloading 1448 Unused Serialized files (Serialized files now loaded: 0)
System memory in use before: 70.0 MB.
System memory in use after: 70.1 MB.

Unloading 13 unused Assets to reduce memory usage. Loaded Objects now: 1927.
Total: 1.451400 ms (FindLiveObjects: 0.139200 ms CreateObjectMapping: 0.039700 ms MarkObjects: 1.259900 ms  DeleteObjects: 0.011800 ms)

AssetImportParameters requested are different than current active one (requested -> active):
  custom:framework-win-MediaFoundation: 216162199b28c13a410421893ffa2e32 -> 
  custom:video-decoder-ogg-theora: a1e56fd34408186e4bbccfd4996cb3dc -> 
  custom:container-muxer-webm: aa71ff27fc2769a1b78a27578f13a17b -> 
  custom:container-demuxer-webm: 4f35f7cbe854078d1ac9338744f61a02 -> 
  custom:container-demuxer-ogg: 62fdf1f143b41e24485cea50d1cbac27 -> 
  custom:video-encoder-webm-vp8: eb34c28f22e8b96e1ab97ce403110664 -> 
  custom:video-decoder-webm-vp8: 9c59270c3fd7afecdb556c50c9e8de78 -> 
  custom:audio-decoder-ogg-vorbis: bf7c407c2cedff20999df2af8eb42d56 -> 
  custom:audio-encoder-webm-vorbis: bf7c407c2cedff20999df2af8eb42d56 -> 
========================================================================
Received Import Request.
  Time since last request: 1121.650042 seconds.
  path: Assets/Scripts/AsteroidMove.cs
  artifactKey: Guid(601ffe84585e43c4397a8f077c2f0614) Importer(815301076,1909f56bfc062723c751e8b465ee728b)
Start importing Assets/Scripts/AsteroidMove.cs using Guid(601ffe84585e43c4397a8f077c2f0614) Importer(815301076,1909f56bfc062723c751e8b465ee728b)  -> (artifact id: 'f4cb2d7a8ef65137f486d90dd37003cc') in 0.008972 seconds 
  Import took 0.011845 seconds .

========================================================================
Received Import Request.
  Time since last request: 0.000942 seconds.
  path: Assets/Scripts/AsteroidMove.cs
  artifactKey: Guid(601ffe84585e43c4397a8f077c2f0614) Importer(815301076,1909f56bfc062723c751e8b465ee728b)
Start importing Assets/Scripts/AsteroidMove.cs using Guid(601ffe84585e43c4397a8f077c2f0614) Importer(815301076,1909f56bfc062723c751e8b465ee728b)  -> (artifact id: 'f4cb2d7a8ef65137f486d90dd37003cc') in 0.001785 seconds 
  Import took 0.004399 seconds .

========================================================================
Received Prepare
Registering precompiled user dll's ...
Registered in 0.002654 seconds.
Begin MonoManager ReloadAssembly
Native extension for WindowsStandalone target not found
Refreshing native plugins compatible for Editor in 0.28 ms, found 2 plugins.
Preloading 0 native plugins for Editor in 0.00 ms.
Mono: successfully reloaded assembly
- Completed reload, in  0.805 seconds
Platform modules already initialized, skipping
Refreshing native plugins compatible for Editor in 0.27 ms, found 2 plugins.
Preloading 0 native plugins for Editor in 0.00 ms.
Unloading 1449 Unused Serialized files (Serialized files now loaded: 0)
System memory in use before: 70.0 MB.
System memory in use after: 70.1 MB.

Unloading 13 unused Assets to reduce memory usage. Loaded Objects now: 1931.
Total: 1.926700 ms (FindLiveObjects: 0.161500 ms CreateObjectMapping: 0.044900 ms MarkObjects: 1.702600 ms  DeleteObjects: 0.016700 ms)

AssetImportParameters requested are different than current active one (requested -> active):
  custom:framework-win-MediaFoundation: 216162199b28c13a410421893ffa2e32 -> 
  custom:video-decoder-ogg-theora: a1e56fd34408186e4bbccfd4996cb3dc -> 
  custom:container-muxer-webm: aa71ff27fc2769a1b78a27578f13a17b -> 
  custom:container-demuxer-webm: 4f35f7cbe854078d1ac9338744f61a02 -> 
  custom:container-demuxer-ogg: 62fdf1f143b41e24485cea50d1cbac27 -> 
  custom:video-encoder-webm-vp8: eb34c28f22e8b96e1ab97ce403110664 -> 
  custom:video-decoder-webm-vp8: 9c59270c3fd7afecdb556c50c9e8de78 -> 
  custom:audio-decoder-ogg-vorbis: bf7c407c2cedff20999df2af8eb42d56 -> 
  custom:audio-encoder-webm-vorbis: bf7c407c2cedff20999df2af8eb42d56 -> 
========================================================================
Received Prepare
Registering precompiled user dll's ...
Registered in 0.002792 seconds.
Begin MonoManager ReloadAssembly
Native extension for WindowsStandalone target not found
Refreshing native plugins compatible for Editor in 0.28 ms, found 2 plugins.
Preloading 0 native plugins for Editor in 0.00 ms.
Mono: successfully reloaded assembly
- Completed reload, in  0.748 seconds
Platform modules already initialized, skipping
Refreshing native plugins compatible for Editor in 0.28 ms, found 2 plugins.
Preloading 0 native plugins for Editor in 0.00 ms.
Unloading 1449 Unused Serialized files (Serialized files now loaded: 0)
System memory in use before: 70.0 MB.
System memory in use after: 70.1 MB.

Unloading 13 unused Assets to reduce memory usage. Loaded Objects now: 1934.
Total: 1.448800 ms (FindLiveObjects: 0.135900 ms CreateObjectMapping: 0.040800 ms MarkObjects: 1.259800 ms  DeleteObjects: 0.011400 ms)

AssetImportParameters requested are different than current active one (requested -> active):
  custom:framework-win-MediaFoundation: 216162199b28c13a410421893ffa2e32 -> 
  custom:video-decoder-ogg-theora: a1e56fd34408186e4bbccfd4996cb3dc -> 
  custom:container-muxer-webm: aa71ff27fc2769a1b78a27578f13a17b -> 
  custom:container-demuxer-webm: 4f35f7cbe854078d1ac9338744f61a02 -> 
  custom:container-demuxer-ogg: 62fdf1f143b41e24485cea50d1cbac27 -> 
  custom:video-encoder-webm-vp8: eb34c28f22e8b96e1ab97ce403110664 -> 
  custom:video-decoder-webm-vp8: 9c59270c3fd7afecdb556c50c9e8de78 -> 
  custom:audio-decoder-ogg-vorbis: bf7c407c2cedff20999df2af8eb42d56 -> 
  custom:audio-encoder-webm-vorbis: bf7c407c2cedff20999df2af8eb42d56 -> 
========================================================================
Received Import Request.
  Time since last request: 1540.697794 seconds.
  path: Assets/Scripts/AsteroidMove.cs
  artifactKey: Guid(601ffe84585e43c4397a8f077c2f0614) Importer(815301076,1909f56bfc062723c751e8b465ee728b)
Start importing Assets/Scripts/AsteroidMove.cs using Guid(601ffe84585e43c4397a8f077c2f0614) Importer(815301076,1909f56bfc062723c751e8b465ee728b)  -> (artifact id: 'af728ecbbe98d216f329e7aac4ecdeb6') in 0.003338 seconds 
  Import took 0.005573 seconds .

========================================================================
Received Import Request.
  Time since last request: 59.208877 seconds.
  path: Assets/Resources/Enemy/Asteroid.prefab
  artifactKey: Guid(4fba7bee21fe435488658f7b33da507f) Importer(815301076,1909f56bfc062723c751e8b465ee728b)
Start importing Assets/Resources/Enemy/Asteroid.prefab using Guid(4fba7bee21fe435488658f7b33da507f) Importer(815301076,1909f56bfc062723c751e8b465ee728b)  -> (artifact id: 'f2f8c1383e39598d5b7363d1f75e423a') in 0.070993 seconds 
  Import took 0.073143 seconds .

========================================================================
Received Prepare
Registering precompiled user dll's ...
Registered in 0.003311 seconds.
Begin MonoManager ReloadAssembly
Native extension for WindowsStandalone target not found
Refreshing native plugins compatible for Editor in 0.27 ms, found 2 plugins.
Preloading 0 native plugins for Editor in 0.00 ms.
Mono: successfully reloaded assembly
- Completed reload, in  0.756 seconds
Platform modules already initialized, skipping
Refreshing native plugins compatible for Editor in 0.27 ms, found 2 plugins.
Preloading 0 native plugins for Editor in 0.00 ms.
Unloading 1449 Unused Serialized files (Serialized files now loaded: 0)
System memory in use before: 70.1 MB.
System memory in use after: 70.2 MB.

Unloading 13 unused Assets to reduce memory usage. Loaded Objects now: 1938.
Total: 1.459500 ms (FindLiveObjects: 0.137500 ms CreateObjectMapping: 0.044100 ms MarkObjects: 1.266000 ms  DeleteObjects: 0.011100 ms)

AssetImportParameters requested are different than current active one (requested -> active):
  custom:framework-win-MediaFoundation: 216162199b28c13a410421893ffa2e32 -> 
  custom:video-decoder-ogg-theora: a1e56fd34408186e4bbccfd4996cb3dc -> 
  custom:container-muxer-webm: aa71ff27fc2769a1b78a27578f13a17b -> 
  custom:container-demuxer-webm: 4f35f7cbe854078d1ac9338744f61a02 -> 
  custom:container-demuxer-ogg: 62fdf1f143b41e24485cea50d1cbac27 -> 
  custom:video-encoder-webm-vp8: eb34c28f22e8b96e1ab97ce403110664 -> 
  custom:video-decoder-webm-vp8: 9c59270c3fd7afecdb556c50c9e8de78 -> 
  custom:audio-decoder-ogg-vorbis: bf7c407c2cedff20999df2af8eb42d56 -> 
  custom:audio-encoder-webm-vorbis: bf7c407c2cedff20999df2af8eb42d56 -> 
========================================================================
Received Prepare
Registering precompiled user dll's ...
Registered in 0.002657 seconds.
Begin MonoManager ReloadAssembly
Native extension for WindowsStandalone target not found
Refreshing native plugins compatible for Editor in 0.27 ms, found 2 plugins.
Preloading 0 native plugins for Editor in 0.00 ms.
Mono: successfully reloaded assembly
- Completed reload, in  0.778 seconds
Platform modules already initialized, skipping
Refreshing native plugins compatible for Editor in 0.28 ms, found 2 plugins.
Preloading 0 native plugins for Editor in 0.00 ms.
Unloading 1449 Unused Serialized files (Serialized files now loaded: 0)
System memory in use before: 70.1 MB.
System memory in use after: 70.2 MB.

Unloading 13 unused Assets to reduce memory usage. Loaded Objects now: 1941.
Total: 1.472700 ms (FindLiveObjects: 0.137600 ms CreateObjectMapping: 0.042600 ms MarkObjects: 1.279800 ms  DeleteObjects: 0.011800 ms)

AssetImportParameters requested are different than current active one (requested -> active):
  custom:framework-win-MediaFoundation: 216162199b28c13a410421893ffa2e32 -> 
  custom:video-decoder-ogg-theora: a1e56fd34408186e4bbccfd4996cb3dc -> 
  custom:container-muxer-webm: aa71ff27fc2769a1b78a27578f13a17b -> 
  custom:container-demuxer-webm: 4f35f7cbe854078d1ac9338744f61a02 -> 
  custom:container-demuxer-ogg: 62fdf1f143b41e24485cea50d1cbac27 -> 
  custom:video-encoder-webm-vp8: eb34c28f22e8b96e1ab97ce403110664 -> 
  custom:video-decoder-webm-vp8: 9c59270c3fd7afecdb556c50c9e8de78 -> 
  custom:audio-decoder-ogg-vorbis: bf7c407c2cedff20999df2af8eb42d56 -> 
  custom:audio-encoder-webm-vorbis: bf7c407c2cedff20999df2af8eb42d56 -> 
========================================================================
Received Import Request.
  Time since last request: 42.774207 seconds.
  path: Assets/Resources/Enemy/Asteroid.prefab
  artifactKey: Guid(4fba7bee21fe435488658f7b33da507f) Importer(815301076,1909f56bfc062723c751e8b465ee728b)
Start importing Assets/Resources/Enemy/Asteroid.prefab using Guid(4fba7bee21fe435488658f7b33da507f) Importer(815301076,1909f56bfc062723c751e8b465ee728b)  -> (artifact id: '353a7185e1cc6b9c9bf77bf5cf93ccc9') in 0.042990 seconds 
  Import took 0.045250 seconds .

========================================================================
Received Prepare
Registering precompiled user dll's ...
Registered in 0.002608 seconds.
Begin MonoManager ReloadAssembly
Native extension for WindowsStandalone target not found
Refreshing native plugins compatible for Editor in 0.41 ms, found 2 plugins.
Preloading 0 native plugins for Editor in 0.00 ms.
Mono: successfully reloaded assembly
- Completed reload, in  0.833 seconds
Platform modules already initialized, skipping
Refreshing native plugins compatible for Editor in 0.38 ms, found 2 plugins.
Preloading 0 native plugins for Editor in 0.00 ms.
Unloading 1449 Unused Serialized files (Serialized files now loaded: 0)
System memory in use before: 70.1 MB.
System memory in use after: 70.2 MB.

Unloading 13 unused Assets to reduce memory usage. Loaded Objects now: 1945.
Total: 1.615300 ms (FindLiveObjects: 0.143700 ms CreateObjectMapping: 0.043300 ms MarkObjects: 1.413700 ms  DeleteObjects: 0.013600 ms)

AssetImportParameters requested are different than current active one (requested -> active):
  custom:framework-win-MediaFoundation: 216162199b28c13a410421893ffa2e32 -> 
  custom:video-decoder-ogg-theora: a1e56fd34408186e4bbccfd4996cb3dc -> 
  custom:container-muxer-webm: aa71ff27fc2769a1b78a27578f13a17b -> 
  custom:container-demuxer-webm: 4f35f7cbe854078d1ac9338744f61a02 -> 
  custom:container-demuxer-ogg: 62fdf1f143b41e24485cea50d1cbac27 -> 
  custom:video-encoder-webm-vp8: eb34c28f22e8b96e1ab97ce403110664 -> 
  custom:video-decoder-webm-vp8: 9c59270c3fd7afecdb556c50c9e8de78 -> 
  custom:audio-decoder-ogg-vorbis: bf7c407c2cedff20999df2af8eb42d56 -> 
  custom:audio-encoder-webm-vorbis: bf7c407c2cedff20999df2af8eb42d56 -> 
========================================================================
Received Import Request.
  Time since last request: 6.402537 seconds.
  path: Assets/Resources/Enemy/Asteroid.prefab
  artifactKey: Guid(4fba7bee21fe435488658f7b33da507f) Importer(815301076,1909f56bfc062723c751e8b465ee728b)
Start importing Assets/Resources/Enemy/Asteroid.prefab using Guid(4fba7bee21fe435488658f7b33da507f) Importer(815301076,1909f56bfc062723c751e8b465ee728b)  -> (artifact id: '749b2b7cc692ab97e4359b1e7a039042') in 0.059333 seconds 
  Import took 0.062362 seconds .

========================================================================
Received Prepare
Registering precompiled user dll's ...
Registered in 0.002584 seconds.
Begin MonoManager ReloadAssembly
Native extension for WindowsStandalone target not found
Refreshing native plugins compatible for Editor in 0.30 ms, found 2 plugins.
Preloading 0 native plugins for Editor in 0.00 ms.
Mono: successfully reloaded assembly
- Completed reload, in  0.758 seconds
Platform modules already initialized, skipping
Refreshing native plugins compatible for Editor in 0.27 ms, found 2 plugins.
Preloading 0 native plugins for Editor in 0.00 ms.
Unloading 1449 Unused Serialized files (Serialized files now loaded: 0)
System memory in use before: 70.1 MB.
System memory in use after: 70.2 MB.

Unloading 13 unused Assets to reduce memory usage. Loaded Objects now: 1949.
Total: 1.548100 ms (FindLiveObjects: 0.174000 ms CreateObjectMapping: 0.045800 ms MarkObjects: 1.315300 ms  DeleteObjects: 0.012200 ms)

AssetImportParameters requested are different than current active one (requested -> active):
  custom:framework-win-MediaFoundation: 216162199b28c13a410421893ffa2e32 -> 
  custom:video-decoder-ogg-theora: a1e56fd34408186e4bbccfd4996cb3dc -> 
  custom:container-muxer-webm: aa71ff27fc2769a1b78a27578f13a17b -> 
  custom:container-demuxer-webm: 4f35f7cbe854078d1ac9338744f61a02 -> 
  custom:container-demuxer-ogg: 62fdf1f143b41e24485cea50d1cbac27 -> 
  custom:video-encoder-webm-vp8: eb34c28f22e8b96e1ab97ce403110664 -> 
  custom:video-decoder-webm-vp8: 9c59270c3fd7afecdb556c50c9e8de78 -> 
  custom:audio-decoder-ogg-vorbis: bf7c407c2cedff20999df2af8eb42d56 -> 
  custom:audio-encoder-webm-vorbis: bf7c407c2cedff20999df2af8eb42d56 -> 
========================================================================
Received Prepare
Registering precompiled user dll's ...
Registered in 0.003052 seconds.
Begin MonoManager ReloadAssembly
Native extension for WindowsStandalone target not found
Refreshing native plugins compatible for Editor in 0.29 ms, found 2 plugins.
Preloading 0 native plugins for Editor in 0.00 ms.
Mono: successfully reloaded assembly
- Completed reload, in  0.801 seconds
Platform modules already initialized, skipping
Refreshing native plugins compatible for Editor in 0.29 ms, found 2 plugins.
Preloading 0 native plugins for Editor in 0.00 ms.
Unloading 1449 Unused Serialized files (Serialized files now loaded: 0)
System memory in use before: 70.1 MB.
System memory in use after: 70.2 MB.

Unloading 13 unused Assets to reduce memory usage. Loaded Objects now: 1952.
Total: 1.496600 ms (FindLiveObjects: 0.140700 ms CreateObjectMapping: 0.041000 ms MarkObjects: 1.301700 ms  DeleteObjects: 0.012200 ms)

AssetImportParameters requested are different than current active one (requested -> active):
  custom:framework-win-MediaFoundation: 216162199b28c13a410421893ffa2e32 -> 
  custom:video-decoder-ogg-theora: a1e56fd34408186e4bbccfd4996cb3dc -> 
  custom:container-muxer-webm: aa71ff27fc2769a1b78a27578f13a17b -> 
  custom:container-demuxer-webm: 4f35f7cbe854078d1ac9338744f61a02 -> 
  custom:container-demuxer-ogg: 62fdf1f143b41e24485cea50d1cbac27 -> 
  custom:video-encoder-webm-vp8: eb34c28f22e8b96e1ab97ce403110664 -> 
  custom:video-decoder-webm-vp8: 9c59270c3fd7afecdb556c50c9e8de78 -> 
  custom:audio-decoder-ogg-vorbis: bf7c407c2cedff20999df2af8eb42d56 -> 
  custom:audio-encoder-webm-vorbis: bf7c407c2cedff20999df2af8eb42d56 -> 
========================================================================
Received Import Request.
  Time since last request: 290.813452 seconds.
  path: Assets/Resources/Enemy/Asteroid.prefab
  artifactKey: Guid(4fba7bee21fe435488658f7b33da507f) Importer(815301076,1909f56bfc062723c751e8b465ee728b)
Start importing Assets/Resources/Enemy/Asteroid.prefab using Guid(4fba7bee21fe435488658f7b33da507f) Importer(815301076,1909f56bfc062723c751e8b465ee728b)  -> (artifact id: 'e831de517b2caf5a1449adaaa73ef315') in 0.044071 seconds 
  Import took 0.046656 seconds .

========================================================================
Received Prepare
Registering precompiled user dll's ...
Registered in 0.003164 seconds.
Begin MonoManager ReloadAssembly
Native extension for WindowsStandalone target not found
Refreshing native plugins compatible for Editor in 0.28 ms, found 2 plugins.
Preloading 0 native plugins for Editor in 0.00 ms.
Mono: successfully reloaded assembly
- Completed reload, in  0.758 seconds
Platform modules already initialized, skipping
Refreshing native plugins compatible for Editor in 0.28 ms, found 2 plugins.
Preloading 0 native plugins for Editor in 0.00 ms.
Unloading 1449 Unused Serialized files (Serialized files now loaded: 0)
System memory in use before: 70.1 MB.
System memory in use after: 70.2 MB.

Unloading 13 unused Assets to reduce memory usage. Loaded Objects now: 1956.
Total: 1.496200 ms (FindLiveObjects: 0.141500 ms CreateObjectMapping: 0.040600 ms MarkObjects: 1.301200 ms  DeleteObjects: 0.012200 ms)

AssetImportParameters requested are different than current active one (requested -> active):
  custom:framework-win-MediaFoundation: 216162199b28c13a410421893ffa2e32 -> 
  custom:video-decoder-ogg-theora: a1e56fd34408186e4bbccfd4996cb3dc -> 
  custom:container-muxer-webm: aa71ff27fc2769a1b78a27578f13a17b -> 
  custom:container-demuxer-webm: 4f35f7cbe854078d1ac9338744f61a02 -> 
  custom:container-demuxer-ogg: 62fdf1f143b41e24485cea50d1cbac27 -> 
  custom:video-encoder-webm-vp8: eb34c28f22e8b96e1ab97ce403110664 -> 
  custom:video-decoder-webm-vp8: 9c59270c3fd7afecdb556c50c9e8de78 -> 
  custom:audio-decoder-ogg-vorbis: bf7c407c2cedff20999df2af8eb42d56 -> 
  custom:audio-encoder-webm-vorbis: bf7c407c2cedff20999df2af8eb42d56 -> 
========================================================================
Received Prepare
Registering precompiled user dll's ...
Registered in 0.003057 seconds.
Begin MonoManager ReloadAssembly
Native extension for WindowsStandalone target not found
Refreshing native plugins compatible for Editor in 0.27 ms, found 2 plugins.
Preloading 0 native plugins for Editor in 0.00 ms.
Mono: successfully reloaded assembly
- Completed reload, in  0.773 seconds
Platform modules already initialized, skipping
Refreshing native plugins compatible for Editor in 0.27 ms, found 2 plugins.
Preloading 0 native plugins for Editor in 0.00 ms.
Unloading 1449 Unused Serialized files (Serialized files now loaded: 0)
System memory in use before: 70.1 MB.
System memory in use after: 70.2 MB.

Unloading 13 unused Assets to reduce memory usage. Loaded Objects now: 1959.
Total: 1.484700 ms (FindLiveObjects: 0.142800 ms CreateObjectMapping: 0.043400 ms MarkObjects: 1.285400 ms  DeleteObjects: 0.012400 ms)

AssetImportParameters requested are different than current active one (requested -> active):
  custom:framework-win-MediaFoundation: 216162199b28c13a410421893ffa2e32 -> 
  custom:video-decoder-ogg-theora: a1e56fd34408186e4bbccfd4996cb3dc -> 
  custom:container-muxer-webm: aa71ff27fc2769a1b78a27578f13a17b -> 
  custom:container-demuxer-webm: 4f35f7cbe854078d1ac9338744f61a02 -> 
  custom:container-demuxer-ogg: 62fdf1f143b41e24485cea50d1cbac27 -> 
  custom:video-encoder-webm-vp8: eb34c28f22e8b96e1ab97ce403110664 -> 
  custom:video-decoder-webm-vp8: 9c59270c3fd7afecdb556c50c9e8de78 -> 
  custom:audio-decoder-ogg-vorbis: bf7c407c2cedff20999df2af8eb42d56 -> 
  custom:audio-encoder-webm-vorbis: bf7c407c2cedff20999df2af8eb42d56 -> 
========================================================================
Received Import Request.
  Time since last request: 185.145449 seconds.
  path: Assets/Scripts/Object Pool/BulletPool.cs
  artifactKey: Guid(992e5d6a41a06644b99afd8f3257605d) Importer(815301076,1909f56bfc062723c751e8b465ee728b)
Start importing Assets/Scripts/Object Pool/BulletPool.cs using Guid(992e5d6a41a06644b99afd8f3257605d) Importer(815301076,1909f56bfc062723c751e8b465ee728b)  -> (artifact id: '231920924f43398e596a4f1d8f743687') in 0.008764 seconds 
  Import took 0.011285 seconds .

========================================================================
Received Prepare
Registering precompiled user dll's ...
Registered in 0.002813 seconds.
Begin MonoManager ReloadAssembly
Native extension for WindowsStandalone target not found
Refreshing native plugins compatible for Editor in 0.26 ms, found 2 plugins.
Preloading 0 native plugins for Editor in 0.00 ms.
Mono: successfully reloaded assembly
- Completed reload, in  0.779 seconds
Platform modules already initialized, skipping
Refreshing native plugins compatible for Editor in 0.27 ms, found 2 plugins.
Preloading 0 native plugins for Editor in 0.00 ms.
Unloading 1450 Unused Serialized files (Serialized files now loaded: 0)
System memory in use before: 70.1 MB.
System memory in use after: 70.2 MB.

Unloading 13 unused Assets to reduce memory usage. Loaded Objects now: 1963.
Total: 1.520500 ms (FindLiveObjects: 0.136900 ms CreateObjectMapping: 0.045300 ms MarkObjects: 1.321400 ms  DeleteObjects: 0.016200 ms)

AssetImportParameters requested are different than current active one (requested -> active):
  custom:framework-win-MediaFoundation: 216162199b28c13a410421893ffa2e32 -> 
  custom:video-decoder-ogg-theora: a1e56fd34408186e4bbccfd4996cb3dc -> 
  custom:container-muxer-webm: aa71ff27fc2769a1b78a27578f13a17b -> 
  custom:container-demuxer-webm: 4f35f7cbe854078d1ac9338744f61a02 -> 
  custom:container-demuxer-ogg: 62fdf1f143b41e24485cea50d1cbac27 -> 
  custom:video-encoder-webm-vp8: eb34c28f22e8b96e1ab97ce403110664 -> 
  custom:video-decoder-webm-vp8: 9c59270c3fd7afecdb556c50c9e8de78 -> 
  custom:audio-decoder-ogg-vorbis: bf7c407c2cedff20999df2af8eb42d56 -> 
  custom:audio-encoder-webm-vorbis: bf7c407c2cedff20999df2af8eb42d56 -> 
========================================================================
Received Import Request.
  Time since last request: 1363.492349 seconds.
  path: Assets/Scripts/ObjectPool
  artifactKey: Guid(de6c52e4560349dda6597f08476d8911) Importer(815301076,1909f56bfc062723c751e8b465ee728b)
Start importing Assets/Scripts/ObjectPool using Guid(de6c52e4560349dda6597f08476d8911) Importer(815301076,1909f56bfc062723c751e8b465ee728b)  -> (artifact id: '3da85f316c0941af8661ff23b92b0a10') in 0.013239 seconds 
  Import took 0.016103 seconds .

========================================================================
Received Import Request.
  Time since last request: 0.828815 seconds.
  path: Assets/Scripts/ObjectPool/ViewServices.cs
  artifactKey: Guid(b2cc34b04b2e44788a1dc29f159ecd74) Importer(815301076,1909f56bfc062723c751e8b465ee728b)
Start importing Assets/Scripts/ObjectPool/ViewServices.cs using Guid(b2cc34b04b2e44788a1dc29f159ecd74) Importer(815301076,1909f56bfc062723c751e8b465ee728b)  -> (artifact id: '22b1325bfcab4cdc1a51becb0d3de4bb') in 0.006814 seconds 
  Import took 0.008988 seconds .

========================================================================
Received Import Request.
  Time since last request: 0.000971 seconds.
  path: Assets/Scripts/ObjectPool/ViewServices.cs
  artifactKey: Guid(b2cc34b04b2e44788a1dc29f159ecd74) Importer(815301076,1909f56bfc062723c751e8b465ee728b)
Start importing Assets/Scripts/ObjectPool/ViewServices.cs using Guid(b2cc34b04b2e44788a1dc29f159ecd74) Importer(815301076,1909f56bfc062723c751e8b465ee728b)  -> (artifact id: '22b1325bfcab4cdc1a51becb0d3de4bb') in 0.001953 seconds 
  Import took 0.004014 seconds .

========================================================================
Received Import Request.
  Time since last request: 1.883610 seconds.
  path: Assets/Scripts/ObjectPool/ObjectPool.cs
  artifactKey: Guid(6ca764b8cde74c00b69102fbe2bb00f0) Importer(815301076,1909f56bfc062723c751e8b465ee728b)
Start importing Assets/Scripts/ObjectPool/ObjectPool.cs using Guid(6ca764b8cde74c00b69102fbe2bb00f0) Importer(815301076,1909f56bfc062723c751e8b465ee728b)  -> (artifact id: 'd05ed427a2a065ebc0a49eca935a0c6f') in 0.002015 seconds 
  Import took 0.004848 seconds .

========================================================================
Received Prepare
Registering precompiled user dll's ...
Registered in 0.002673 seconds.
Begin MonoManager ReloadAssembly
Native extension for WindowsStandalone target not found
Refreshing native plugins compatible for Editor in 0.27 ms, found 2 plugins.
Preloading 0 native plugins for Editor in 0.00 ms.
Mono: successfully reloaded assembly
- Completed reload, in  0.769 seconds
Platform modules already initialized, skipping
Refreshing native plugins compatible for Editor in 0.40 ms, found 2 plugins.
Preloading 0 native plugins for Editor in 0.00 ms.
Unloading 1450 Unused Serialized files (Serialized files now loaded: 0)
System memory in use before: 70.1 MB.
System memory in use after: 70.2 MB.

Unloading 13 unused Assets to reduce memory usage. Loaded Objects now: 1966.
Total: 1.614900 ms (FindLiveObjects: 0.138000 ms CreateObjectMapping: 0.041100 ms MarkObjects: 1.406100 ms  DeleteObjects: 0.028900 ms)

AssetImportParameters requested are different than current active one (requested -> active):
  custom:framework-win-MediaFoundation: 216162199b28c13a410421893ffa2e32 -> 
  custom:video-decoder-ogg-theora: a1e56fd34408186e4bbccfd4996cb3dc -> 
  custom:container-muxer-webm: aa71ff27fc2769a1b78a27578f13a17b -> 
  custom:container-demuxer-webm: 4f35f7cbe854078d1ac9338744f61a02 -> 
  custom:container-demuxer-ogg: 62fdf1f143b41e24485cea50d1cbac27 -> 
  custom:video-encoder-webm-vp8: eb34c28f22e8b96e1ab97ce403110664 -> 
  custom:video-decoder-webm-vp8: 9c59270c3fd7afecdb556c50c9e8de78 -> 
  custom:audio-decoder-ogg-vorbis: bf7c407c2cedff20999df2af8eb42d56 -> 
  custom:audio-encoder-webm-vorbis: bf7c407c2cedff20999df2af8eb42d56 -> 
========================================================================
Received Prepare
Registering precompiled user dll's ...
Registered in 0.002910 seconds.
Begin MonoManager ReloadAssembly
Native extension for WindowsStandalone target not found
Refreshing native plugins compatible for Editor in 0.39 ms, found 2 plugins.
Preloading 0 native plugins for Editor in 0.00 ms.
Mono: successfully reloaded assembly
- Completed reload, in  0.782 seconds
Platform modules already initialized, skipping
Refreshing native plugins compatible for Editor in 0.39 ms, found 2 plugins.
Preloading 0 native plugins for Editor in 0.00 ms.
Unloading 1450 Unused Serialized files (Serialized files now loaded: 0)
System memory in use before: 70.2 MB.
System memory in use after: 70.3 MB.

Unloading 13 unused Assets to reduce memory usage. Loaded Objects now: 1969.
Total: 1.620700 ms (FindLiveObjects: 0.190300 ms CreateObjectMapping: 0.049500 ms MarkObjects: 1.366300 ms  DeleteObjects: 0.013500 ms)

AssetImportParameters requested are different than current active one (requested -> active):
  custom:framework-win-MediaFoundation: 216162199b28c13a410421893ffa2e32 -> 
  custom:video-decoder-ogg-theora: a1e56fd34408186e4bbccfd4996cb3dc -> 
  custom:container-muxer-webm: aa71ff27fc2769a1b78a27578f13a17b -> 
  custom:container-demuxer-webm: 4f35f7cbe854078d1ac9338744f61a02 -> 
  custom:container-demuxer-ogg: 62fdf1f143b41e24485cea50d1cbac27 -> 
  custom:video-encoder-webm-vp8: eb34c28f22e8b96e1ab97ce403110664 -> 
  custom:video-decoder-webm-vp8: 9c59270c3fd7afecdb556c50c9e8de78 -> 
  custom:audio-decoder-ogg-vorbis: bf7c407c2cedff20999df2af8eb42d56 -> 
  custom:audio-encoder-webm-vorbis: bf7c407c2cedff20999df2af8eb42d56 -> 
========================================================================
Received Prepare
Registering precompiled user dll's ...
Registered in 0.002931 seconds.
Begin MonoManager ReloadAssembly
Native extension for WindowsStandalone target not found
Refreshing native plugins compatible for Editor in 0.28 ms, found 2 plugins.
Preloading 0 native plugins for Editor in 0.00 ms.
Mono: successfully reloaded assembly
- Completed reload, in  0.769 seconds
Platform modules already initialized, skipping
Refreshing native plugins compatible for Editor in 0.27 ms, found 2 plugins.
Preloading 0 native plugins for Editor in 0.00 ms.
Unloading 1450 Unused Serialized files (Serialized files now loaded: 0)
System memory in use before: 70.2 MB.
System memory in use after: 70.3 MB.

Unloading 13 unused Assets to reduce memory usage. Loaded Objects now: 1972.
Total: 1.479600 ms (FindLiveObjects: 0.140900 ms CreateObjectMapping: 0.043600 ms MarkObjects: 1.280100 ms  DeleteObjects: 0.014000 ms)

AssetImportParameters requested are different than current active one (requested -> active):
  custom:framework-win-MediaFoundation: 216162199b28c13a410421893ffa2e32 -> 
  custom:video-decoder-ogg-theora: a1e56fd34408186e4bbccfd4996cb3dc -> 
  custom:container-muxer-webm: aa71ff27fc2769a1b78a27578f13a17b -> 
  custom:container-demuxer-webm: 4f35f7cbe854078d1ac9338744f61a02 -> 
  custom:container-demuxer-ogg: 62fdf1f143b41e24485cea50d1cbac27 -> 
  custom:video-encoder-webm-vp8: eb34c28f22e8b96e1ab97ce403110664 -> 
  custom:video-decoder-webm-vp8: 9c59270c3fd7afecdb556c50c9e8de78 -> 
  custom:audio-decoder-ogg-vorbis: bf7c407c2cedff20999df2af8eb42d56 -> 
  custom:audio-encoder-webm-vorbis: bf7c407c2cedff20999df2af8eb42d56 -> 
========================================================================
Received Prepare
Registering precompiled user dll's ...
Registered in 0.004396 seconds.
Begin MonoManager ReloadAssembly
Native extension for WindowsStandalone target not found
Refreshing native plugins compatible for Editor in 0.27 ms, found 2 plugins.
Preloading 0 native plugins for Editor in 0.00 ms.
Mono: successfully reloaded assembly
- Completed reload, in  0.768 seconds
Platform modules already initialized, skipping
Refreshing native plugins compatible for Editor in 0.28 ms, found 2 plugins.
Preloading 0 native plugins for Editor in 0.00 ms.
Unloading 1450 Unused Serialized files (Serialized files now loaded: 0)
System memory in use before: 70.2 MB.
System memory in use after: 70.3 MB.

Unloading 13 unused Assets to reduce memory usage. Loaded Objects now: 1975.
Total: 1.625200 ms (FindLiveObjects: 0.139400 ms CreateObjectMapping: 0.040700 ms MarkObjects: 1.432400 ms  DeleteObjects: 0.011900 ms)

AssetImportParameters requested are different than current active one (requested -> active):
  custom:framework-win-MediaFoundation: 216162199b28c13a410421893ffa2e32 -> 
  custom:video-decoder-ogg-theora: a1e56fd34408186e4bbccfd4996cb3dc -> 
  custom:container-muxer-webm: aa71ff27fc2769a1b78a27578f13a17b -> 
  custom:container-demuxer-webm: 4f35f7cbe854078d1ac9338744f61a02 -> 
  custom:container-demuxer-ogg: 62fdf1f143b41e24485cea50d1cbac27 -> 
  custom:video-encoder-webm-vp8: eb34c28f22e8b96e1ab97ce403110664 -> 
  custom:video-decoder-webm-vp8: 9c59270c3fd7afecdb556c50c9e8de78 -> 
  custom:audio-decoder-ogg-vorbis: bf7c407c2cedff20999df2af8eb42d56 -> 
  custom:audio-encoder-webm-vorbis: bf7c407c2cedff20999df2af8eb42d56 -> 
========================================================================
Received Import Request.
  Time since last request: 790.482660 seconds.
  path: Assets/Scripts/Bullets.cs
  artifactKey: Guid(7cfb984dd4fdf804583d2e7da2b1b5d8) Importer(815301076,1909f56bfc062723c751e8b465ee728b)
Start importing Assets/Scripts/Bullets.cs using Guid(7cfb984dd4fdf804583d2e7da2b1b5d8) Importer(815301076,1909f56bfc062723c751e8b465ee728b)  -> (artifact id: '60d24bff84def0ea296a217317f1d80a') in 0.009495 seconds 
  Import took 0.012284 seconds .

========================================================================
Received Import Request.
  Time since last request: 0.001476 seconds.
  path: Assets/Scripts/Bullets.cs
  artifactKey: Guid(7cfb984dd4fdf804583d2e7da2b1b5d8) Importer(815301076,1909f56bfc062723c751e8b465ee728b)
Start importing Assets/Scripts/Bullets.cs using Guid(7cfb984dd4fdf804583d2e7da2b1b5d8) Importer(815301076,1909f56bfc062723c751e8b465ee728b)  -> (artifact id: '60d24bff84def0ea296a217317f1d80a') in 0.001769 seconds 
  Import took 0.004233 seconds .

========================================================================
Received Prepare
Registering precompiled user dll's ...
Registered in 0.002724 seconds.
Begin MonoManager ReloadAssembly
Native extension for WindowsStandalone target not found
Refreshing native plugins compatible for Editor in 0.29 ms, found 2 plugins.
Preloading 0 native plugins for Editor in 0.00 ms.
Mono: successfully reloaded assembly
- Completed reload, in  0.784 seconds
Platform modules already initialized, skipping
Refreshing native plugins compatible for Editor in 0.28 ms, found 2 plugins.
Preloading 0 native plugins for Editor in 0.00 ms.
Unloading 1451 Unused Serialized files (Serialized files now loaded: 0)
System memory in use before: 70.2 MB.
System memory in use after: 70.3 MB.

Unloading 13 unused Assets to reduce memory usage. Loaded Objects now: 1979.
Total: 1.590500 ms (FindLiveObjects: 0.177000 ms CreateObjectMapping: 0.048400 ms MarkObjects: 1.350600 ms  DeleteObjects: 0.013500 ms)

AssetImportParameters requested are different than current active one (requested -> active):
  custom:framework-win-MediaFoundation: 216162199b28c13a410421893ffa2e32 -> 
  custom:video-decoder-ogg-theora: a1e56fd34408186e4bbccfd4996cb3dc -> 
  custom:container-muxer-webm: aa71ff27fc2769a1b78a27578f13a17b -> 
  custom:container-demuxer-webm: 4f35f7cbe854078d1ac9338744f61a02 -> 
  custom:container-demuxer-ogg: 62fdf1f143b41e24485cea50d1cbac27 -> 
  custom:video-encoder-webm-vp8: eb34c28f22e8b96e1ab97ce403110664 -> 
  custom:video-decoder-webm-vp8: 9c59270c3fd7afecdb556c50c9e8de78 -> 
  custom:audio-decoder-ogg-vorbis: bf7c407c2cedff20999df2af8eb42d56 -> 
  custom:audio-encoder-webm-vorbis: bf7c407c2cedff20999df2af8eb42d56 -> 
========================================================================
Received Import Request.
  Time since last request: 13.486410 seconds.
  path: Assets/Scripts/Bullets.cs
  artifactKey: Guid(7cfb984dd4fdf804583d2e7da2b1b5d8) Importer(815301076,1909f56bfc062723c751e8b465ee728b)
Start importing Assets/Scripts/Bullets.cs using Guid(7cfb984dd4fdf804583d2e7da2b1b5d8) Importer(815301076,1909f56bfc062723c751e8b465ee728b)  -> (artifact id: '15768f00fb0eee369c45dff029148371') in 0.005506 seconds 
  Import took 0.007974 seconds .

========================================================================
Received Import Request.
  Time since last request: 418.671772 seconds.
  path: Assets/Resources/Bullet
  artifactKey: Guid(55a1fdc7c62b61348ac681b02f0e4ddb) Importer(815301076,1909f56bfc062723c751e8b465ee728b)
Start importing Assets/Resources/Bullet using Guid(55a1fdc7c62b61348ac681b02f0e4ddb) Importer(815301076,1909f56bfc062723c751e8b465ee728b)  -> (artifact id: '6821a117978db3e583b7392b52addd00') in 0.006870 seconds 
  Import took 0.009465 seconds .

========================================================================
Received Import Request.
  Time since last request: 23.503835 seconds.
  path: Assets/Resources/Bullets
  artifactKey: Guid(55a1fdc7c62b61348ac681b02f0e4ddb) Importer(815301076,1909f56bfc062723c751e8b465ee728b)
Start importing Assets/Resources/Bullets using Guid(55a1fdc7c62b61348ac681b02f0e4ddb) Importer(815301076,1909f56bfc062723c751e8b465ee728b)  -> (artifact id: '5102660392adbfa3a7aa9a5c354cca68') in 0.003629 seconds 
  Import took 0.006650 seconds .

========================================================================
Received Import Request.
  Time since last request: 466.719732 seconds.
  path: Assets/Scripts/Bullet.cs
  artifactKey: Guid(08a137ad4b145104abab628a59efa72f) Importer(815301076,1909f56bfc062723c751e8b465ee728b)
Start importing Assets/Scripts/Bullet.cs using Guid(08a137ad4b145104abab628a59efa72f) Importer(815301076,1909f56bfc062723c751e8b465ee728b)  -> (artifact id: 'bd46912789f445e199bb5cb707cd8e8d') in 0.001898 seconds 
  Import took 0.005256 seconds .

========================================================================
Received Import Request.
  Time since last request: 535.081792 seconds.
  path: Assets/Scripts/Bullet.cs
  artifactKey: Guid(08a137ad4b145104abab628a59efa72f) Importer(815301076,1909f56bfc062723c751e8b465ee728b)
Start importing Assets/Scripts/Bullet.cs using Guid(08a137ad4b145104abab628a59efa72f) Importer(815301076,1909f56bfc062723c751e8b465ee728b)  -> (artifact id: '26413bd36f9ae84be45f7e080955991f') in 0.002518 seconds 
  Import took 0.005977 seconds .

========================================================================
Received Prepare
Registering precompiled user dll's ...
Registered in 0.002791 seconds.
Begin MonoManager ReloadAssembly
Native extension for WindowsStandalone target not found
Refreshing native plugins compatible for Editor in 0.27 ms, found 2 plugins.
Preloading 0 native plugins for Editor in 0.00 ms.
Mono: successfully reloaded assembly
- Completed reload, in  0.796 seconds
Platform modules already initialized, skipping
Refreshing native plugins compatible for Editor in 0.27 ms, found 2 plugins.
Preloading 0 native plugins for Editor in 0.00 ms.
Unloading 1452 Unused Serialized files (Serialized files now loaded: 0)
System memory in use before: 70.2 MB.
System memory in use after: 70.3 MB.

Unloading 13 unused Assets to reduce memory usage. Loaded Objects now: 1983.
Total: 1.968400 ms (FindLiveObjects: 0.147200 ms CreateObjectMapping: 0.042500 ms MarkObjects: 1.733000 ms  DeleteObjects: 0.044700 ms)

AssetImportParameters requested are different than current active one (requested -> active):
  custom:framework-win-MediaFoundation: 216162199b28c13a410421893ffa2e32 -> 
  custom:video-decoder-ogg-theora: a1e56fd34408186e4bbccfd4996cb3dc -> 
  custom:container-muxer-webm: aa71ff27fc2769a1b78a27578f13a17b -> 
  custom:container-demuxer-webm: 4f35f7cbe854078d1ac9338744f61a02 -> 
  custom:container-demuxer-ogg: 62fdf1f143b41e24485cea50d1cbac27 -> 
  custom:video-encoder-webm-vp8: eb34c28f22e8b96e1ab97ce403110664 -> 
  custom:video-decoder-webm-vp8: 9c59270c3fd7afecdb556c50c9e8de78 -> 
  custom:audio-decoder-ogg-vorbis: bf7c407c2cedff20999df2af8eb42d56 -> 
  custom:audio-encoder-webm-vorbis: bf7c407c2cedff20999df2af8eb42d56 -> 
========================================================================
Received Prepare
Registering precompiled user dll's ...
Registered in 0.003110 seconds.
Begin MonoManager ReloadAssembly
Native extension for WindowsStandalone target not found
Refreshing native plugins compatible for Editor in 0.29 ms, found 2 plugins.
Preloading 0 native plugins for Editor in 0.00 ms.
Mono: successfully reloaded assembly
- Completed reload, in  0.797 seconds
Platform modules already initialized, skipping
Refreshing native plugins compatible for Editor in 0.27 ms, found 2 plugins.
Preloading 0 native plugins for Editor in 0.00 ms.
Unloading 1452 Unused Serialized files (Serialized files now loaded: 0)
System memory in use before: 70.2 MB.
System memory in use after: 70.3 MB.

Unloading 13 unused Assets to reduce memory usage. Loaded Objects now: 1986.
Total: 1.534600 ms (FindLiveObjects: 0.161600 ms CreateObjectMapping: 0.061100 ms MarkObjects: 1.299000 ms  DeleteObjects: 0.012000 ms)

AssetImportParameters requested are different than current active one (requested -> active):
  custom:framework-win-MediaFoundation: 216162199b28c13a410421893ffa2e32 -> 
  custom:video-decoder-ogg-theora: a1e56fd34408186e4bbccfd4996cb3dc -> 
  custom:container-muxer-webm: aa71ff27fc2769a1b78a27578f13a17b -> 
  custom:container-demuxer-webm: 4f35f7cbe854078d1ac9338744f61a02 -> 
  custom:container-demuxer-ogg: 62fdf1f143b41e24485cea50d1cbac27 -> 
  custom:video-encoder-webm-vp8: eb34c28f22e8b96e1ab97ce403110664 -> 
  custom:video-decoder-webm-vp8: 9c59270c3fd7afecdb556c50c9e8de78 -> 
  custom:audio-decoder-ogg-vorbis: bf7c407c2cedff20999df2af8eb42d56 -> 
  custom:audio-encoder-webm-vorbis: bf7c407c2cedff20999df2af8eb42d56 -> 
AssetImportWorkerClient::OnTransportError - code=2 error=End of file
